<?xml version="1.0" encoding="UTF-8"?>
<testsuite xmlns:xsi="http://www.w3.org/2001/XMLSchema-instance" xsi:noNamespaceSchemaLocation="https://maven.apache.org/surefire/maven-surefire-plugin/xsd/surefire-test-report.xsd" name="com.demo.EconomicalInsuranceRestServerApplicationTests" time="9.027" tests="2" errors="1" skipped="0" failures="0">
  <properties>
[...]
</properties>
  <testcase name="testGetEmployeeListSuccess" classname="com.demo.EconomicalInsuranceRestServerApplicationTests" time="3.074">
    <error message="I/O error on GET request for &quot;http://localhost:8082/user/615ac48357f47c22ac340a44&quot;: Connection refused: connect; nested exception is java.net.ConnectException: Connection refused: connect" type="org.springframework.web.client.ResourceAccessException">org.springframework.web.client.ResourceAccessException: I/O error on GET request for "http://localhost:8082/user/615ac48357f47c22ac340a44": Connection refused: connect; nested exception is java.net.ConnectException: Connection refused: connect
	at com.demo.EconomicalInsuranceRestServerApplicationTests.testGetEmployeeListSuccess(EconomicalInsuranceRestServerApplicationTests.java:37)
Caused by: java.net.ConnectException: Connection refused: connect
	at com.demo.EconomicalInsuranceRestServerApplicationTests.testGetEmployeeListSuccess(EconomicalInsuranceRestServerApplicationTests.java:37)
</error>
    <system-out><![CDATA[13:54:44.738 [main] DEBUG org.springframework.test.context.BootstrapUtils - Instantiating CacheAwareContextLoaderDelegate from class [org.springframework.test.context.cache.DefaultCacheAwareContextLoaderDelegate]
13:54:44.750 [main] DEBUG org.springframework.test.context.BootstrapUtils - Instantiating BootstrapContext using constructor [public org.springframework.test.context.support.DefaultBootstrapContext(java.lang.Class,org.springframework.test.context.CacheAwareContextLoaderDelegate)]
13:54:44.790 [main] DEBUG org.springframework.test.context.BootstrapUtils - Instantiating TestContextBootstrapper for test class [com.demo.EconomicalInsuranceRestServerApplicationTests] from class [org.springframework.boot.test.context.SpringBootTestContextBootstrapper]
13:54:44.811 [main] INFO org.springframework.boot.test.context.SpringBootTestContextBootstrapper - Neither @ContextConfiguration nor @ContextHierarchy found for test class [com.demo.EconomicalInsuranceRestServerApplicationTests], using SpringBootContextLoader
13:54:44.816 [main] DEBUG org.springframework.test.context.support.AbstractContextLoader - Did not detect default resource location for test class [com.demo.EconomicalInsuranceRestServerApplicationTests]: class path resource [com/demo/EconomicalInsuranceRestServerApplicationTests-context.xml] does not exist
13:54:44.817 [main] DEBUG org.springframework.test.context.support.AbstractContextLoader - Did not detect default resource location for test class [com.demo.EconomicalInsuranceRestServerApplicationTests]: class path resource [com/demo/EconomicalInsuranceRestServerApplicationTestsContext.groovy] does not exist
13:54:44.818 [main] INFO org.springframework.test.context.support.AbstractContextLoader - Could not detect default resource locations for test class [com.demo.EconomicalInsuranceRestServerApplicationTests]: no resource found for suffixes {-context.xml, Context.groovy}.
13:54:44.819 [main] INFO org.springframework.test.context.support.AnnotationConfigContextLoaderUtils - Could not detect default configuration classes for test class [com.demo.EconomicalInsuranceRestServerApplicationTests]: EconomicalInsuranceRestServerApplicationTests does not declare any static, non-private, non-final, nested classes annotated with @Configuration.
13:54:44.875 [main] DEBUG org.springframework.test.context.support.ActiveProfilesUtils - Could not find an 'annotation declaring class' for annotation type [org.springframework.test.context.ActiveProfiles] and class [com.demo.EconomicalInsuranceRestServerApplicationTests]
13:54:44.948 [main] DEBUG org.springframework.context.annotation.ClassPathScanningCandidateComponentProvider - Identified candidate component class: file [C:\Users\vikas.kumar\Documents\workspace-spring-tool-suite-4-4.9.0.RELEASE\Economical-Insurance-RestServer\target\classes\com\demo\EconomicalInsuranceRestServerApplication.class]
13:54:44.949 [main] INFO org.springframework.boot.test.context.SpringBootTestContextBootstrapper - Found @SpringBootConfiguration com.demo.EconomicalInsuranceRestServerApplication for test class com.demo.EconomicalInsuranceRestServerApplicationTests
13:54:45.105 [main] DEBUG org.springframework.boot.test.context.SpringBootTestContextBootstrapper - @TestExecutionListeners is not present for class [com.demo.EconomicalInsuranceRestServerApplicationTests]: using defaults.
13:54:45.106 [main] INFO org.springframework.boot.test.context.SpringBootTestContextBootstrapper - Loaded default TestExecutionListener class names from location [META-INF/spring.factories]: [org.springframework.boot.test.mock.mockito.MockitoTestExecutionListener, org.springframework.boot.test.mock.mockito.ResetMocksTestExecutionListener, org.springframework.boot.test.autoconfigure.restdocs.RestDocsTestExecutionListener, org.springframework.boot.test.autoconfigure.web.client.MockRestServiceServerResetTestExecutionListener, org.springframework.boot.test.autoconfigure.web.servlet.MockMvcPrintOnlyOnFailureTestExecutionListener, org.springframework.boot.test.autoconfigure.web.servlet.WebDriverTestExecutionListener, org.springframework.boot.test.autoconfigure.webservices.client.MockWebServiceServerTestExecutionListener, org.springframework.test.context.web.ServletTestExecutionListener, org.springframework.test.context.support.DirtiesContextBeforeModesTestExecutionListener, org.springframework.test.context.event.ApplicationEventsTestExecutionListener, org.springframework.test.context.support.DependencyInjectionTestExecutionListener, org.springframework.test.context.support.DirtiesContextTestExecutionListener, org.springframework.test.context.transaction.TransactionalTestExecutionListener, org.springframework.test.context.jdbc.SqlScriptsTestExecutionListener, org.springframework.test.context.event.EventPublishingTestExecutionListener]
13:54:45.129 [main] INFO org.springframework.boot.test.context.SpringBootTestContextBootstrapper - Using TestExecutionListeners: [org.springframework.test.context.web.ServletTestExecutionListener@6e6d5d29, org.springframework.test.context.support.DirtiesContextBeforeModesTestExecutionListener@5c530d1e, org.springframework.test.context.event.ApplicationEventsTestExecutionListener@6c25e6c4, org.springframework.boot.test.mock.mockito.MockitoTestExecutionListener@85e6769, org.springframework.boot.test.autoconfigure.SpringBootDependencyInjectionTestExecutionListener@c5ee75e, org.springframework.test.context.support.DirtiesContextTestExecutionListener@48a12036, org.springframework.test.context.transaction.TransactionalTestExecutionListener@bf1ec20, org.springframework.test.context.jdbc.SqlScriptsTestExecutionListener@70efb718, org.springframework.test.context.event.EventPublishingTestExecutionListener@b70da4c, org.springframework.boot.test.mock.mockito.ResetMocksTestExecutionListener@4a11eb84, org.springframework.boot.test.autoconfigure.restdocs.RestDocsTestExecutionListener@4e858e0a, org.springframework.boot.test.autoconfigure.web.client.MockRestServiceServerResetTestExecutionListener@435fb7b5, org.springframework.boot.test.autoconfigure.web.servlet.MockMvcPrintOnlyOnFailureTestExecutionListener@4e70a728, org.springframework.boot.test.autoconfigure.web.servlet.WebDriverTestExecutionListener@b7838a9, org.springframework.boot.test.autoconfigure.webservices.client.MockWebServiceServerTestExecutionListener@696f0212]
13:54:45.134 [main] DEBUG org.springframework.test.context.support.AbstractDirtiesContextTestExecutionListener - Before test class: context [DefaultTestContext@7096b474 testClass = EconomicalInsuranceRestServerApplicationTests, testInstance = [null], testMethod = [null], testException = [null], mergedContextConfiguration = [WebMergedContextConfiguration@3e14c16d testClass = EconomicalInsuranceRestServerApplicationTests, locations = '{}', classes = '{class com.demo.EconomicalInsuranceRestServerApplication}', contextInitializerClasses = '[]', activeProfiles = '{}', propertySourceLocations = '{}', propertySourceProperties = '{org.springframework.boot.test.context.SpringBootTestContextBootstrapper=true}', contextCustomizers = set[org.springframework.boot.test.context.filter.ExcludeFilterContextCustomizer@37911f88, org.springframework.boot.test.json.DuplicateJsonObjectContextCustomizerFactory$DuplicateJsonObjectContextCustomizer@7f284218, org.springframework.boot.test.mock.mockito.MockitoContextCustomizer@0, org.springframework.boot.test.web.client.TestRestTemplateContextCustomizer@651aed93, org.springframework.boot.test.autoconfigure.actuate.metrics.MetricsExportContextCustomizerFactory$DisableMetricExportContextCustomizer@50313382, org.springframework.boot.test.autoconfigure.properties.PropertyMappingContextCustomizer@0, org.springframework.boot.test.autoconfigure.web.servlet.WebDriverContextCustomizerFactory$Customizer@7fc4780b, org.springframework.boot.test.context.SpringBootTestArgs@1, org.springframework.boot.test.context.SpringBootTestWebEnvironment@1cbbffcd], resourceBasePath = 'src/main/webapp', contextLoader = 'org.springframework.boot.test.context.SpringBootContextLoader', parent = [null]], attributes = map['org.springframework.test.context.web.ServletTestExecutionListener.activateListener' -> true]], class annotated with @DirtiesContext [false] with mode [null].
13:54:45.185 [main] DEBUG org.springframework.test.context.support.TestPropertySourceUtils - Adding inlined properties to environment: {spring.jmx.enabled=false, org.springframework.boot.test.context.SpringBootTestContextBootstrapper=true}

  .   ____          _            __ _ _
 /\\ / ___'_ __ _ _(_)_ __  __ _ \ \ \ \
( ( )\___ | '_ | '_| | '_ \/ _` | \ \ \ \
 \\/  ___)| |_)| | | | | || (_| |  ) ) ) )
  '  |____| .__|_| |_|_| |_\__, | / / / /
 =========|_|==============|___/=/_/_/_/
 :: Spring Boot ::                (v2.5.3)

2021-10-04 13:54:45.625  INFO 1300 --- [           main] micalInsuranceRestServerApplicationTests : Starting EconomicalInsuranceRestServerApplicationTests using Java 15.0.1 on IN2-NOINB-VIBA with PID 1300 (started by vikas.kumar in C:\Users\vikas.kumar\Documents\workspace-spring-tool-suite-4-4.9.0.RELEASE\Economical-Insurance-RestServer)
2021-10-04 13:54:45.628  INFO 1300 --- [           main] micalInsuranceRestServerApplicationTests : No active profile set, falling back to default profiles: default
2021-10-04 13:54:46.792  INFO 1300 --- [           main] .s.d.r.c.RepositoryConfigurationDelegate : Bootstrapping Spring Data MongoDB repositories in DEFAULT mode.
2021-10-04 13:54:46.816  INFO 1300 --- [           main] .s.d.r.c.RepositoryConfigurationDelegate : Finished Spring Data repository scanning in 17 ms. Found 0 MongoDB repository interfaces.
2021-10-04 13:54:47.184  INFO 1300 --- [           main] trationDelegate$BeanPostProcessorChecker : Bean 'org.springframework.ws.config.annotation.DelegatingWsConfiguration' of type [org.springframework.ws.config.annotation.DelegatingWsConfiguration$$EnhancerBySpringCGLIB$$92dfb2f4] is not eligible for getting processed by all BeanPostProcessors (for example: not eligible for auto-proxying)
2021-10-04 13:54:47.311  INFO 1300 --- [           main] .w.s.a.s.AnnotationActionEndpointMapping : Supporting [WS-Addressing August 2004, WS-Addressing 1.0]
2021-10-04 13:54:47.728  INFO 1300 --- [           main] org.mongodb.driver.cluster               : Cluster created with settings {hosts=[localhost:27017], mode=SINGLE, requiredClusterType=UNKNOWN, serverSelectionTimeout='30000 ms'}
2021-10-04 13:54:47.822  INFO 1300 --- [localhost:27017] org.mongodb.driver.connection            : Opened connection [connectionId{localValue:1, serverValue:90}] to localhost:27017
2021-10-04 13:54:47.822  INFO 1300 --- [localhost:27017] org.mongodb.driver.connection            : Opened connection [connectionId{localValue:2, serverValue:89}] to localhost:27017
2021-10-04 13:54:47.823  INFO 1300 --- [localhost:27017] org.mongodb.driver.cluster               : Monitor thread successfully connected to server with description ServerDescription{address=localhost:27017, type=STANDALONE, state=CONNECTED, ok=true, minWireVersion=0, maxWireVersion=13, maxDocumentSize=16777216, logicalSessionTimeoutMinutes=30, roundTripTimeNanos=37485600}
2021-10-04 13:54:50.569  INFO 1300 --- [           main] micalInsuranceRestServerApplicationTests : Started EconomicalInsuranceRestServerApplicationTests in 5.374 seconds (JVM running for 6.786)
]]></system-out>
  </testcase>
  <testcase name="contextLoads" classname="com.demo.EconomicalInsuranceRestServerApplicationTests" time="0.008"/>
</testsuite>